<?xml version="1.0" encoding="UTF-8"?>
<!-- Generated by org.testng.reporters.JUnitXMLReporter -->
<testsuite ignored="0" hostname="DESKTOP-106RS03" failures="3" tests="29" name="LICCCC_Test" time="147.177" errors="0" timestamp="2024-01-30T12:07:49 IST">
  <testcase classname="testcases.LoginPageTest" name="verifyURLofApplication" time="0.029"/>
  <testcase classname="testcases.LoginPageTest" name="logintoAppicationTEST" time="0.732"/>
  <testcase classname="testcases.LoginPageTest" name="verifyTITLEofApplicationTEST" time="0.024"/>
  <testcase classname="testcases.InventoryPageTest" name="verifyadd4product" time="1.294"/>
  <testcase classname="testcases.InventoryPageTest" name="verifyfootertextTest" time="0.064"/>
  <testcase classname="testcases.InventoryPageTest" name="verifyinventorypageURLTest" time="0.012"/>
  <testcase classname="testcases.InventoryPageTest" name="verifyremove2product" time="0.974"/>
  <testcase classname="testcases.InventoryPageTest" name="verifytwitterlogoTest" time="0.228"/>
  <testcase classname="testcases.CartPageTest" name="clickoncheckoutbtnTest" time="0.142"/>
  <testcase classname="testcases.CartPageTest" name="clickoncontinueshopbtnTest" time="0.13"/>
  <testcase classname="testcases.CartPageTest" name="verifycartlableTest" time="0.059">
    <failure type="java.lang.AssertionError" message="expected [Your Cart] but found [Your Car]">
      <![CDATA[java.lang.AssertionError: expected [Your Cart] but found [Your Car]
at testcases.CartPageTest.verifycartlableTest(CartPageTest.java:49)
at java.base/java.util.ArrayList.forEach(ArrayList.java:1511)
... Removed 33 stack frames]]>
    </failure>
  </testcase> <!-- verifycartlableTest -->
  <testcase classname="testcases.CartPageTest" name="verifycartpageURLTest" time="0.02"/>
  <testcase classname="testcases.CheckOutPage1Test" name="verifycheckoutpageURLTest" time="0.011"/>
  <testcase classname="testcases.CheckOutPage1Test" name="verifyinputinfo" time="0.457"/>
  <testcase classname="testcases.CheckOutPage2Test" name="VerifyCheckOutPage2URLTest" time="0.009"/>
  <testcase classname="testcases.CheckOutPage2Test" name="VerifyFPEDTextTest" time="0.028"/>
  <testcase classname="testcases.CheckOutPage2Test" name="VerifyITTextTest" time="0.032"/>
  <testcase classname="testcases.CheckOutPage2Test" name="VerifyPITTextTest" time="0.032"/>
  <testcase classname="testcases.CheckOutPage2Test" name="VerifyPTTextTest" time="0.033">
    <failure type="java.lang.AssertionError" message="expected [Payment Information] but found [Payment Informati]">
      <![CDATA[java.lang.AssertionError: expected [Payment Information] but found [Payment Informati]
at testcases.CheckOutPage2Test.VerifyPTTextTest(CheckOutPage2Test.java:93)
at java.base/java.util.ArrayList.forEach(ArrayList.java:1511)
... Removed 33 stack frames]]>
    </failure>
  </testcase> <!-- VerifyPTTextTest -->
  <testcase classname="testcases.CheckOutPage2Test" name="VerifySCTextTest" time="0.038">
    <failure type="java.lang.AssertionError" message="expected [SauceCard #31337] but found [SauceCard #313]">
      <![CDATA[java.lang.AssertionError: expected [SauceCard #31337] but found [SauceCard #313]
at testcases.CheckOutPage2Test.VerifySCTextTest(CheckOutPage2Test.java:66)
at java.base/java.util.ArrayList.forEach(ArrayList.java:1511)
... Removed 33 stack frames]]>
    </failure>
  </testcase> <!-- VerifySCTextTest -->
  <testcase classname="testcases.CheckOutPage2Test" name="VerifySITextTest" time="0.03"/>
  <testcase classname="testcases.CheckOutPage2Test" name="VerifyTaxTextTest" time="0.028"/>
  <testcase classname="testcases.CheckOutPage2Test" name="VerifyTotalText1Test" time="0.03"/>
  <testcase classname="testcases.CheckOutPage2Test" name="Verifyfinishbtn" time="0.141"/>
  <testcase classname="testcases.CheckOut_CompletePageTest" name="verifybackbtnTest" time="0.097"/>
  <testcase classname="testcases.CheckOut_CompletePageTest" name="verifydispatchTextTest" time="0.043"/>
  <testcase classname="testcases.CheckOut_CompletePageTest" name="verifylableTest" time="0.033"/>
  <testcase classname="testcases.CheckOut_CompletePageTest" name="verifypageURLTest" time="0.017"/>
  <testcase classname="testcases.CheckOut_CompletePageTest" name="verifythyTextTest" time="0.039"/>
</testsuite> <!-- LICCCC_Test -->
